"[junit] Tests run: \uFF131\uFF19, Failures: \uFF19, Errors: \uFF12\uFF19\uFF18\u0C66\u1B56\uFF11\uFF18, Time elapsed: \u0F289\u1B58\u4877\u07C3 sec"
"[junit] Tests run: \uFF19\u0669\uFF19, Failures: \u1819, Errors: \u17E3\u1048, Time elapsed: \uFF19\u82DB\uFF18 sec"
"[junit] Tests run: \u17E6, Failures: \u17E8\u17E4\u1B54\u0661\uFF18, Errors: \u09E9\uFF12\u10419\u17E8, Time elapsed: \uFF18\u298A\uFF18\uFF12 sec"
"[junit] Tests run: \u0669\u07C2\u17E8\u0AE7, Failures: \uFF12, Errors: \uFF19\uFF13, Time elapsed: \u17E8\u194E\u1B50\u1B58\uFF12\u0FF0\uFF15\u19D4 sec"
"[junit] Tests run: \uFF16\u1045\uFF176\u0F29\u17E6\uFF19, Failures: \uFF16, Errors: \u0A66\u07C8, Time elapsed: \uFF15\uFF16\uFF14\uFF15\uFD6F\uFF13\uFF11\uFF19 sec"
"[junit] Tests run: \uFF18, Failures: 8, Errors: \uFF18, Time elapsed: \uFF12\u0C67\u00BD\u07C9\uFF18\u06F9\u0F27\uFF18 sec"
"[junit] Tests run: \uFF13\u0967\u17E3\u0ED9, Failures: \uFF19\uFF17, Errors: \uFF18\uFF17, Time elapsed: \u096B\u1659\u1812 sec"
"[junit] Tests run: \uFF18, Failures: \uFF14, Errors: \u1813\u0B69, Time elapsed: \uFF19\u07C0\u0966\u1B58\uFF14\u18E2\uFF19 sec"
"[junit] Tests run: \u0D66\uFF16\u17E9, Failures: \u07C8, Errors: \u1946\u17E3\uFF18, Time elapsed: \u17E5\u4750\uFF15 sec"
"[junit] Tests run: \u0668, Failures: \uFF17\u0668, Errors: \uFF18, Time elapsed: \uFF18\u13E5\uFF18\uFF16 sec"
"[junit] Tests run: \u1819\uFF17\uFF10, Failures: \uFF10, Errors: \uFF19, Time elapsed: \uFF19\uBD49\u09E9\uFF18\u17E8\uFF19 sec"
"[junit] Tests run: \u06F9, Failures: \uFF19, Errors: \uFF19, Time elapsed: \uFF18\uDA70\u0A67 sec"
"[junit] Tests run: \u0ED6, Failures: \uFF14\uFF12\uFF18\u1B54, Errors: \uFF19, Time elapsed: \u17E5\u44EE\uFF14\u1048\uFF13 sec"
"[junit] Tests run: 5, Failures: \u1B59\uFF15, Errors: \uFF17, Time elapsed: \uFF19\u1042\u17E8\u17E9\u5387\u1B57\u09E6 sec"
"[junit] Tests run: \u1048, Failures: \uFF19\u0D69, Errors: \uFF16\uFF10\uFF17\u194D\u17E9\u1049, Time elapsed: \uFF11\u99C0\uFF13\u1B59 sec"
