"[junit] Tests run: 8902, Failures: 9, Errors: 0, Time elapsed: 03d8 sec"
"[junit] Tests run: 9, Failures: 8, Errors: 99, Time elapsed: 93e9 sec"
"[junit] Tests run: 8, Failures: 6, Errors: 4, Time elapsed: 8x5 sec"
"[junit] Tests run: 5, Failures: 4, Errors: 8, Time elapsed: 807 sec"
"[junit] Tests run: 210, Failures: 9898, Errors: 32, Time elapsed: 869W291 sec"
"[junit] Tests run: 8, Failures: 9, Errors: 8, Time elapsed: 3593 sec"
"[junit] Tests run: 9, Failures: 89989, Errors: 3, Time elapsed: 8\1 sec"
"[junit] Tests run: 8699, Failures: 92, Errors: 438, Time elapsed: 528 sec"
"[junit] Tests run: 93, Failures: 5, Errors: 10, Time elapsed: 6K88831 sec"
"[junit] Tests run: 8, Failures: 7, Errors: 9, Time elapsed: 6922818 sec"
"[junit] Tests run: 9, Failures: 5, Errors: 39, Time elapsed: 95&2 sec"
"[junit] Tests run: 99, Failures: 88, Errors: 832, Time elapsed: 93C040 sec"
"[junit] Tests run: 29, Failures: 57, Errors: 8, Time elapsed: 991&06 sec"
"[junit] Tests run: 8, Failures: 7878, Errors: 5, Time elapsed: 828{85 sec"
"[junit] Tests run: 6, Failures: 6, Errors: 88, Time elapsed: 3976 sec"
