"[junit] Tests run: 86, Failures: 470, Errors: 9, Time elapsed: 909299 sec"
"[junit] Tests run: 3, Failures: 988989, Errors: 3, Time elapsed: 75882 sec"
"[junit] Tests run: 9, Failures: 9, Errors: 5, Time elapsed: 8993598 sec"
