"[junit] Tests run: 9, Failures: 39, Errors: 4, Time elapsed: 8Y9 sec"
"[junit] Tests run: 8, Failures: 44, Errors: 862, Time elapsed: 9R398 sec"
"[junit] Tests run: 8, Failures: 8, Errors: 11, Time elapsed: 88/3 sec"
