"[junit] Tests run: 7, Failures: 99, Errors: 9, Time elapsed: 7c2 sec"
"[junit] Tests run: 5, Failures: 7, Errors: 832023, Time elapsed: 3`89 sec"
"[junit] Tests run: 9, Failures: 9, Errors: 8488876, Time elapsed: 1g9 sec"
"[junit] Tests run: 79, Failures: 4, Errors: 10, Time elapsed: 381;49 sec"
"[junit] Tests run: 4, Failures: 97, Errors: 8, Time elapsed: 18l86488 sec"
"[junit] Tests run: 9, Failures: 9, Errors: 3, Time elapsed: 4\v888 sec"
"[junit] Tests run: 835, Failures: 2, Errors: 22, Time elapsed: 74>8 sec"
"[junit] Tests run: 9, Failures: 94, Errors: 8, Time elapsed: 1&846 sec"
"[junit] Tests run: 7, Failures: 98, Errors: 8, Time elapsed: 0!4838 sec"
"[junit] Tests run: 1, Failures: 98, Errors: 1, Time elapsed: 3799 sec"
"[junit] Tests run: 5, Failures: 9, Errors: 2, Time elapsed: 409z48 sec"
"[junit] Tests run: 3, Failures: 10, Errors: 9, Time elapsed: 99,9 sec"
"[junit] Tests run: 1989, Failures: 9, Errors: 9, Time elapsed: 358|45 sec"
"[junit] Tests run: 98, Failures: 1, Errors: 5128, Time elapsed: 2958-8 sec"
"[junit] Tests run: 9, Failures: 480, Errors: 0, Time elapsed: 2c56 sec"
