"[junit] Tests run: 40, Failures: 60, Errors: 8, Time elapsed: 995853 sec"
"[junit] Tests run: 9, Failures: 8891, Errors: 83, Time elapsed: 89 sec"
"[junit] Tests run: 9, Failures: 8, Errors: 886, Time elapsed: 73\e8358 sec"
"[junit] Tests run: 0, Failures: 4, Errors: 074, Time elapsed: 68 sec"
"[junit] Tests run: 89, Failures: 79, Errors: 6, Time elapsed: 3;99 sec"
"[junit] Tests run: 8, Failures: 088, Errors: 8, Time elapsed: 9X63 sec"
"[junit] Tests run: 9388178, Failures: 6490, Errors: 9, Time elapsed: 6u58 sec"
"[junit] Tests run: 8, Failures: 0, Errors: 598, Time elapsed: 0$8 sec"
"[junit] Tests run: 9, Failures: 04, Errors: 22, Time elapsed: 96G4 sec"
"[junit] Tests run: 18, Failures: 899, Errors: 817, Time elapsed: 14}9 sec"
"[junit] Tests run: 6, Failures: 14, Errors: 0, Time elapsed: 7}44 sec"
"[junit] Tests run: 9, Failures: 9, Errors: 8, Time elapsed: 27\b8 sec"
"[junit] Tests run: 18, Failures: 5, Errors: 68, Time elapsed: 39k8 sec"
"[junit] Tests run: 9, Failures: 5, Errors: 991, Time elapsed: 6C8 sec"
"[junit] Tests run: 9, Failures: 78058, Errors: 9488, Time elapsed: 8!4889 sec"
