"[junit] Tests run: \u1040\uFF19, Failures: 3\uFF17, Errors: \uFF19\uFF18\u07C8, Time elapsed: \u06F1\u4D21\uFF16\u1B59\uFF12 sec"
"[junit] Tests run: \u0F20, Failures: 2, Errors: \uFF17\u194A\uFF17\uFF19, Time elapsed: \uFF18\uFF19\u17E2\u194B\u8D9C\uFF19\u0D6E\u0CE7\uFF14\uFF13\uFF15\u0F29 sec"
"[junit] Tests run: \u1819\uFF10\u0E58\uFF18, Failures: \u0D67, Errors: \u17E4\uFF11\u0BE9, Time elapsed: \uFF17\u1B54\u6DA1\uFF19 sec"
"[junit] Tests run: 8, Failures: \u17E1, Errors: \u09E7, Time elapsed: \uFF18\u1048\uFD83\u07C8\uFF18 sec"
"[junit] Tests run: \uFF14, Failures: \u194D\uFF18, Errors: \uFF10\uFF16\u0AEC\u1049\u1818\uFF18, Time elapsed: \uFF19\u1947\u07C0\uB9F1\u07C8 sec"
"[junit] Tests run: \u0669\u1042\uFF12\uFF18, Failures: \u1B59\uFF18, Errors: \u17E0\u09EE\u17E9\u1042, Time elapsed: \uFF18\uFF18\u8E4D\u0E59\uFF16 sec"
"[junit] Tests run: \uFF18\uFF18, Failures: \uFF10\uFF13, Errors: \u07C8\u09E6, Time elapsed: 8\u83ED\u0E59\uFF18\u1048\uFF12\u0F20 sec"
"[junit] Tests run: \uFF19, Failures: \u1048\uFF14, Errors: \uFF19\u0B6F, Time elapsed: 9\uD011\uFF19\u096D\u17E9\u1B598 sec"
"[junit] Tests run: \uFF16, Failures: \u17E9, Errors: \uFF14, Time elapsed: \uFF19\uFF19\u4E61\uFF10\uFF19 sec"
"[junit] Tests run: \uFF10, Failures: \u1B58, Errors: \uFF18, Time elapsed: \u0A6F\uFF19\uFF17\u7402\u17E8\uFF18\uFF17 sec"
"[junit] Tests run: \uFF14, Failures: \u0668\uFF19, Errors: \uFF17, Time elapsed: \u19D6\u52D2\u1947\uFF10\uFF19\u0E58 sec"
"[junit] Tests run: \uFF19, Failures: \uFF16\uFF19\uFF10\u0D6E\u09EF, Errors: \u17E1, Time elapsed: \u19D2\u17E8\u8048\u194F\u0662\uFF12 sec"
"[junit] Tests run: \uFF187, Failures: \uFF17\u0967\uFF18\uFF19, Errors: \uFF18\uFF19, Time elapsed: \u06F2\uFF12\uC329\uFF19 sec"
"[junit] Tests run: \u17E9\uFF12, Failures: \uFF19, Errors: \u1B58, Time elapsed: \u19D8\uFF19\u217C\uFF18 sec"
"[junit] Tests run: \u0B68, Failures: \uFF18, Errors: \u17E6, Time elapsed: \uFF18\uA168\u09E79 sec"
