"[junit] Tests run: \u1B57, Failures: \u0C67, Errors: \u19D4, Time elapsed: \uFF18\u14D6\u07C7 sec"
"[junit] Tests run: 2\u1040, Failures: \uFF13, Errors: 8, Time elapsed: \u09E7\uEF2E\uFF15 sec"
"[junit] Tests run: 9, Failures: \uFF10, Errors: \uFF18, Time elapsed: \u1947\u97E0\u1B565\u1811\uFF14\uFF18 sec"
