"[junit] Tests run: 1, Failures: 6, Errors: 3, Time elapsed: 839@5 sec"
"[junit] Tests run: 25, Failures: 30, Errors: 98428, Time elapsed: 5w9 sec"
"[junit] Tests run: 9, Failures: 9, Errors: 3, Time elapsed: 883 sec"
