"[junit] Tests run: 798, Failures: 88981, Errors: 8, Time elapsed: 9d34167 sec"
"[junit] Tests run: 83, Failures: 69, Errors: 1, Time elapsed: 0f402 sec"
"[junit] Tests run: 9, Failures: 60, Errors: 89, Time elapsed: 9319 sec"
"[junit] Tests run: 05, Failures: 87, Errors: 8, Time elapsed: 8844794\"1 sec"
"[junit] Tests run: 7548, Failures: 8, Errors: 89, Time elapsed: 0999\v8 sec"
"[junit] Tests run: 98, Failures: 85, Errors: 82, Time elapsed: 648549682 sec"
"[junit] Tests run: 226944697, Failures: 6628, Errors: 99, Time elapsed: 69\t38 sec"
"[junit] Tests run: 4268889, Failures: 8, Errors: 2, Time elapsed: 89J93 sec"
"[junit] Tests run: 98, Failures: 5, Errors: 89, Time elapsed: 29 sec"
"[junit] Tests run: 99, Failures: 8, Errors: 2, Time elapsed: 25 sec"
"[junit] Tests run: 06808, Failures: 83, Errors: 09, Time elapsed: 81`58 sec"
"[junit] Tests run: 918, Failures: 12, Errors: 2, Time elapsed: 8h18 sec"
"[junit] Tests run: 3, Failures: 85, Errors: 079, Time elapsed: 989p6 sec"
"[junit] Tests run: 8994, Failures: 85, Errors: 98, Time elapsed: 99f7 sec"
"[junit] Tests run: 7, Failures: 24, Errors: 5, Time elapsed: 53P89629 sec"
