"[junit] Tests run: 9801, Failures: 8, Errors: 61089, Time elapsed: 878 sec"
"[junit] Tests run: 89, Failures: 89226, Errors: 86, Time elapsed: 4r89 sec"
"[junit] Tests run: 589, Failures: 87, Errors: 891, Time elapsed: 52r78899748 sec"
"[junit] Tests run: 993, Failures: 3, Errors: 52, Time elapsed: 70Y88 sec"
"[junit] Tests run: 198, Failures: 4, Errors: 99, Time elapsed: 615892 sec"
"[junit] Tests run: 3, Failures: 9, Errors: 2, Time elapsed: 0\v1 sec"
"[junit] Tests run: 5, Failures: 89, Errors: 8, Time elapsed: 5\t6 sec"
"[junit] Tests run: 68688, Failures: 4, Errors: 9, Time elapsed: 8I07 sec"
"[junit] Tests run: 352, Failures: 908, Errors: 201898, Time elapsed: 8d8 sec"
"[junit] Tests run: 29, Failures: 50, Errors: 8, Time elapsed: 08_39 sec"
"[junit] Tests run: 99, Failures: 3, Errors: 6, Time elapsed: 07\b9 sec"
"[junit] Tests run: 6, Failures: 8, Errors: 0, Time elapsed: 8r9 sec"
"[junit] Tests run: 130, Failures: 9837, Errors: 8, Time elapsed: 0H7384 sec"
"[junit] Tests run: 993, Failures: 186, Errors: 4881, Time elapsed: 899i8 sec"
"[junit] Tests run: 98, Failures: 049, Errors: 97, Time elapsed: 39N48 sec"
"[junit] Tests run: 9, Failures: 830, Errors: 9, Time elapsed: 8%2 sec"
"[junit] Tests run: 971878889, Failures: 993, Errors: 9, Time elapsed: 78L6 sec"
"[junit] Tests run: 8339, Failures: 93, Errors: 8, Time elapsed: 89/43 sec"
"[junit] Tests run: 9893, Failures: 3, Errors: 958, Time elapsed: 087\089 sec"
"[junit] Tests run: 7, Failures: 4, Errors: 91, Time elapsed: 9&0798 sec"
"[junit] Tests run: 2, Failures: 91223, Errors: 8, Time elapsed: 9_98 sec"
"[junit] Tests run: 9, Failures: 9, Errors: 9, Time elapsed: 9&9 sec"
"[junit] Tests run: 1, Failures: 68, Errors: 44, Time elapsed: 887u88 sec"
"[junit] Tests run: 829, Failures: 5, Errors: 9, Time elapsed: 21/48 sec"
"[junit] Tests run: 31, Failures: 9, Errors: 88, Time elapsed: 0954547 sec"
"[junit] Tests run: 8, Failures: 8519, Errors: 2, Time elapsed: 088875 sec"
"[junit] Tests run: 9, Failures: 928, Errors: 9, Time elapsed: 99O289 sec"
"[junit] Tests run: 833, Failures: 8, Errors: 209, Time elapsed: 9a59570 sec"
"[junit] Tests run: 89, Failures: 9, Errors: 8, Time elapsed: 8c9 sec"
"[junit] Tests run: 8947, Failures: 4, Errors: 43, Time elapsed: 8F957 sec"
