"[junit] Tests run: \uFF18, Failures: \u1049\u17E4, Errors: \uFF16, Time elapsed: \u1817\u0969\u0AD7\u1049 sec"
"[junit] Tests run: \uFF18, Failures: \uFF19\u19D8\u07C9, Errors: \u1047, Time elapsed: \uFF188\u41CE\u1046 sec"
"[junit] Tests run: \u17E8\u1B59, Failures: 8, Errors: \uFF16, Time elapsed: \uFF19\u7F5D\u0F20 sec"
"[junit] Tests run: \uFF19\u096A, Failures: \uFF13, Errors: \u07C8, Time elapsed: \uFF18\uFF19\uFF12\uEBED\uFF18 sec"
"[junit] Tests run: \uFF15\uFF19\u09EF, Failures: \u1B56, Errors: \uFF10, Time elapsed: \uFF18\u9D44\uFF19\uFF10 sec"
"[junit] Tests run: \u0E52, Failures: \u1818\uFF18\u1811, Errors: \uFF18, Time elapsed: \u1049\uFF15\u0660\uFF17\u17E0\u1048\uFF16\u0334\uFF14\u0B6C sec"
"[junit] Tests run: \u0969, Failures: \u1947\u17E2, Errors: \uFF18\u07C9\u17E00, Time elapsed: \uFF19\u06F7\u9F0C\uFF19\uFF15\uFF17\uFF17\uFF18 sec"
"[junit] Tests run: \uFF10\u1049\uFF18\uFF191\uFF19\u1B57, Failures: \uFF12, Errors: \uFF14, Time elapsed: \uFF14\u09ED\u1B59\u1B54\u17E1\uC472\u1819\uFF18 sec"
"[junit] Tests run: \u0966, Failures: \uFF17\u0F28\u1048, Errors: \u1048\uFF19, Time elapsed: \uFF19\uFF12\u8345\uFF10 sec"
"[junit] Tests run: \uFF11\u1811\uFF18\uFF149, Failures: \uFF182\uFF19\uFF18\u1818, Errors: \u1049\uFF19\u0CEB8\u0966, Time elapsed: 8\uFF15\u7C46\uFF19 sec"
"[junit] Tests run: \uFF12, Failures: \u1813\uFF19\uFF10\u09E6, Errors: \u0A67, Time elapsed: \u1042\u1818\uD542\u1043 sec"
"[junit] Tests run: \uFF15\uFF14, Failures: \uFF13, Errors: \uFF18\uFF10, Time elapsed: \u07C9\uFF15\uFF16\u1048\uFD8C\uFF18\uFF15\u1040 sec"
"[junit] Tests run: \uFF19\uFF18, Failures: \uFF19\uFF15, Errors: \u17E0\uFF19\u1046\u1B56, Time elapsed: \uFF19\uFF18\u7F4E\uFF17\u1947 sec"
"[junit] Tests run: \uFF10\uFF153\u06F9\u1B56\uFF17, Failures: \u06F9\uFF19\u0D66\uFF19, Errors: \u07C8\u17E9\u1818, Time elapsed: \uFF10\u37630\uFF19 sec"
"[junit] Tests run: \uFF18, Failures: \u17E8, Errors: \u17E9\uFF19, Time elapsed: \u17E8\uD646\uFF15 sec"
"[junit] Tests run: \u096B, Failures: \uFF15\uFF16\uFF19, Errors: \uFF19, Time elapsed: \uFF18\uB3BB\uFF13 sec"
"[junit] Tests run: \u0D6A\u0C67\u06F8\uFF10, Failures: \u09E6, Errors: \uFF18\uFF12, Time elapsed: \u07C1\u0BEB\u17E1\u42D4\uFF11 sec"
"[junit] Tests run: \u0668, Failures: \uFF11\u17E9\u17E1, Errors: \u1819, Time elapsed: \uFF14\uEF96\uFF14 sec"
"[junit] Tests run: \uFF11\uFF17, Failures: 8\uFF19, Errors: \uFF15\uFF19, Time elapsed: \uFF17\u6304\u19D8 sec"
"[junit] Tests run: \u1047\u1B58, Failures: \u06F9\u17E2\u0A69\uFF119\u0A688\uFF16, Errors: \uFF14, Time elapsed: \uFF19\u4DB5\u0C68\uFF16\u1049 sec"
"[junit] Tests run: \uFF19\uFF14\u096A, Failures: \u0CE6, Errors: \uFF18, Time elapsed: \uFF11\u0B68\uFF18\uE7AE\uFF10 sec"
"[junit] Tests run: \uFF14, Failures: \u1041, Errors: \u17E88\u17E8, Time elapsed: \uFF11\u1040\uFF10\u21D3\uFF18\uFF19\uFF18\u07C9\uFF19 sec"
"[junit] Tests run: \uFF18, Failures: \u194A, Errors: \u1B5876, Time elapsed: \uFF11\u06F8\u01D3\uFF19 sec"
"[junit] Tests run: \uFF19, Failures: \uFF18, Errors: \u17E9\u07C9\uFF19, Time elapsed: \uFF18\uBEC2\uFF13\uFF15 sec"
"[junit] Tests run: \uFF19, Failures: \uFF13\u1B57\uFF12, Errors: \uFF10, Time elapsed: \uFF18\uFF16\u1B59\uFF17\u07C2\u62F7\uFF17\u17E8\u17E3 sec"
"[junit] Tests run: \uFF19, Failures: \u0E59\u06F8, Errors: \u17E2\u0966\u09E7, Time elapsed: 8\u1939\uFF16\uFF14\uFF18 sec"
"[junit] Tests run: \uFF19\u0F29\uFF18, Failures: \uFF16, Errors: \uFF19, Time elapsed: \uFF11\u5C60\uFF18\uFF12 sec"
"[junit] Tests run: \uFF11, Failures: \u0967, Errors: 8, Time elapsed: \uFF11\uFF18\u0F20\uFF10\u9C4B\u1048 sec"
"[junit] Tests run: \uFF13, Failures: \u06F0, Errors: \uFF19\u1B59\uFF19, Time elapsed: \u06F1\uED84\uFF18 sec"
"[junit] Tests run: \u1B59, Failures: \uFF12, Errors: \uFF11, Time elapsed: \uFF10\uA826\u1043\uFF11\uFF18\u0F29\u0BE7 sec"
