"[junit] Tests run: \u09E6, Failures: \uFF10, Errors: \uFF19\u0F29\uFF19, Time elapsed: \u17E9\uFF13\u1814\u0662\uEF0B\uFF19\uFF19\uFF18 sec"
"[junit] Tests run: \u06F6, Failures: \uFF19\uFF18, Errors: \u0F296\u0D67, Time elapsed: \uFF187\u5D49\uFF17 sec"
"[junit] Tests run: \u1811\u096B, Failures: \u0C6B\u1B58, Errors: \uFF18\uFF14, Time elapsed: \uFF18\uAF65\uFF18 sec"
"[junit] Tests run: \uFF18\u1043\uFF15, Failures: \u0C6D\uFF11\u06F5\uFF18, Errors: \u17E3\uFF19\u0A6F\uFF12, Time elapsed: \u17E7\u19D9\uD2C4\uFF19\u0D66\u07C9\u17E0\uFF19 sec"
"[junit] Tests run: \uFF13\u1813\uFF10, Failures: \uFF18\uFF12\u1811\uFF132\uFF16\u1B51\u1040, Errors: \uFF11, Time elapsed: \u17E2\uCB8B\uFF15 sec"
"[junit] Tests run: \u0D67\uFF11, Failures: \u1B59, Errors: \u1B50\uFF10, Time elapsed: \u1B59\uFF19\uFF19\uFFD6\uFF13 sec"
"[junit] Tests run: \u1B50, Failures: \u0ED9, Errors: \uFF134, Time elapsed: \uFF19\u7116\uFF14 sec"
"[junit] Tests run: \uFF10\uFF14, Failures: \u17E4, Errors: \u17E9\u1B58\uFF19\uFF11, Time elapsed: \uFF19\u554C9\uFF15\uFF15\u0664 sec"
"[junit] Tests run: \uFF18, Failures: \u1816\uFF18\uFF19, Errors: \u0663, Time elapsed: \uFF14\u2420\uFF18\u0ED4\uFF13 sec"
"[junit] Tests run: \u17E8\uFF15\uFF18, Failures: \u07C8\uFF10\u1814\uFF18\uFF13, Errors: \u1B57, Time elapsed: \uFF14\u6C2C\u07C8 sec"
"[junit] Tests run: \u1819, Failures: \uFF17\u0A6E\uFF10, Errors: \uFF19\uFF19\u1042\uFF19\uFF14\u1048\uFF19, Time elapsed: \uFF19\u0F29\u1B59\u19D9\u4393\u17E1\u19D8\uFF18\u17E6\u1816 sec"
"[junit] Tests run: \uFF19\uFF17, Failures: \u0E59, Errors: \uFF11, Time elapsed: \uFF197\uFF10\uFF18\u0CE7\uFF19\uC3AE\u0AE6 sec"
"[junit] Tests run: 2, Failures: \u0B69, Errors: \uFF19\uFF12\u0BEB, Time elapsed: \u1048\u9F41\u0ED9 sec"
"[junit] Tests run: 2, Failures: \u17E9\uFF19\u1818, Errors: \u194A, Time elapsed: \u07C3\uFF17\u6C6E\u0D66 sec"
"[junit] Tests run: \uFF18, Failures: \uFF18, Errors: \uFF19, Time elapsed: \uFF18\u0A6D\u17E9\uFF14\uFF10\uD7FD\u0F29 sec"
"[junit] Tests run: \u06F4, Failures: \uFF19\u0F25\u17E4\u0CEC, Errors: \u1818\uFF19\uFF12, Time elapsed: \u07C9\uFF13\u3FC1\u0D6E sec"
"[junit] Tests run: \u1045\u0664, Failures: \u1047\u07C2, Errors: \uFF18, Time elapsed: \u1040\uF417\uFF19 sec"
"[junit] Tests run: \uFF10, Failures: \uFF18\uFF19, Errors: \uFF18\u17E3, Time elapsed: \u07C7\uFF19\u1042\uFF19\u1947\u2A28\u0B66\u1044 sec"
"[junit] Tests run: \u17E9\uFF12\u0B66, Failures: \u17E8, Errors: 4\u17E8, Time elapsed: \u0F21\uCF58\uFF15 sec"
"[junit] Tests run: \uFF18, Failures: \u17E8, Errors: \u0F28, Time elapsed: \u0967\uB806\u07C7 sec"
"[junit] Tests run: \uFF10, Failures: 3, Errors: \u1818, Time elapsed: \uFF10\uD260\u1B54 sec"
"[junit] Tests run: \uFF18, Failures: \uFF173\uFF12, Errors: \uFF18, Time elapsed: \uFF19\uFF16\uA06D\u1047 sec"
"[junit] Tests run: \uFF17, Failures: \uFF17\uFF13, Errors: \uFF12, Time elapsed: \u0ED8\uE50D\u1947 sec"
"[junit] Tests run: \u17E0\uFF14, Failures: \u1044\u1947, Errors: \uFF18\u07C8\u17E8, Time elapsed: \u0F20\u0D67\u444E\u0AED\uFF16\u17E2\u09EC sec"
"[junit] Tests run: \uFF16\u0D66, Failures: \u1819, Errors: \uFF19, Time elapsed: \u1B59\uFF18\uFF14\u94BF6 sec"
"[junit] Tests run: 4, Failures: \uFF14\uFF18\uFF19\uFF12, Errors: \uFF14, Time elapsed: \u0D6C\uFF19\u8B35\uFF18\uFF19\uFF19 sec"
"[junit] Tests run: \uFF19, Failures: \u07C2, Errors: \u07C2, Time elapsed: \u1819\u76C2\u194A sec"
"[junit] Tests run: \u0AED, Failures: \u1B59, Errors: \u1B599, Time elapsed: \u17E9\u1817\uCA21\uFF16 sec"
"[junit] Tests run: \uFF15\uFF17\u1B57\u0AE6\uFF18, Failures: \u1818, Errors: \uFF15, Time elapsed: \u1B58\u4784\uFF14 sec"
"[junit] Tests run: \uFF19, Failures: \u17E5\u17E9, Errors: \uFF18, Time elapsed: 7\uD551\u1819\u1042 sec"
