"[junit] Tests run: \u1949, Failures: \uFF19\u17E0, Errors: \u194E\uFF18, Time elapsed: \uFF17\uA2DB\u17E3 sec"
"[junit] Tests run: \uFF19, Failures: \u1B56, Errors: \u1B55\u17E5\uFF18\uFF15, Time elapsed: 1\uFF16\u07C8\u3C99\uFF19 sec"
"[junit] Tests run: \u0D68, Failures: 2, Errors: \uFF149, Time elapsed: \u07C8\uFF19\uFF12\u0504\u1B589\uFF14 sec"
