"[junit] Tests run: 6, Failures: 91, Errors: 9, Time elapsed: 38P8 sec"
"[junit] Tests run: 9, Failures: 99, Errors: 99, Time elapsed: 8-6 sec"
"[junit] Tests run: 8, Failures: 0, Errors: 90, Time elapsed: 89r8 sec"
