"[junit] Tests run: 58, Failures: 8, Errors: 2, Time elapsed: 9V0 sec"
"[junit] Tests run: 9, Failures: 71, Errors: 5, Time elapsed: 39e8 sec"
"[junit] Tests run: 8, Failures: 9, Errors: 69942, Time elapsed: 89u180 sec"
