"[junit] Tests run: 16, Failures: 8, Errors: 38, Time elapsed: 5@5 sec"
"[junit] Tests run: 1916, Failures: 781, Errors: 29, Time elapsed: 83o9 sec"
"[junit] Tests run: 98, Failures: 9, Errors: 6, Time elapsed: 84_3 sec"
