"[junit] Tests run: \uFF10, Failures: 2\uFF15\u1043, Errors: \u09E7\u19D9, Time elapsed: \u1819\u0F29\uDBF5\u0B69\uFF14\u1B59\u19D9\uFF18\u0C6E sec"
"[junit] Tests run: \uFF18, Failures: \u0D678, Errors: \u1044\u1818, Time elapsed: \uFF19\u80E6\uFF11\u1044\u0F23\uFF10\uFF19 sec"
"[junit] Tests run: \u0C6B\u096C, Failures: \u096E, Errors: \u1049, Time elapsed: \uFF19\uFF12\uDB189 sec"
