"[junit] Tests run: 82, Failures: 0, Errors: 1, Time elapsed: 879 sec"
"[junit] Tests run: 7, Failures: 9, Errors: 4, Time elapsed: 7a1 sec"
"[junit] Tests run: 999, Failures: 98, Errors: 904835, Time elapsed: 9@9 sec"
