"[junit] Tests run: 738, Failures: 85, Errors: 8, Time elapsed: 09i4 sec"
"[junit] Tests run: 9, Failures: 9, Errors: 49, Time elapsed: 9E3 sec"
"[junit] Tests run: 9, Failures: 5, Errors: 5, Time elapsed: 096d8 sec"
"[junit] Tests run: 9, Failures: 04, Errors: 39, Time elapsed: 464~49 sec"
"[junit] Tests run: 87, Failures: 888881, Errors: 8, Time elapsed: 4N37 sec"
"[junit] Tests run: 8, Failures: 034, Errors: 68, Time elapsed: 888 sec"
"[junit] Tests run: 9, Failures: 889, Errors: 98, Time elapsed: 81m8568 sec"
"[junit] Tests run: 8, Failures: 3, Errors: 4, Time elapsed: 75865 sec"
"[junit] Tests run: 9, Failures: 59, Errors: 9, Time elapsed: 9q9 sec"
"[junit] Tests run: 6384, Failures: 98, Errors: 50, Time elapsed: 485 sec"
"[junit] Tests run: 331, Failures: 89, Errors: 1, Time elapsed: 830v8 sec"
"[junit] Tests run: 8492, Failures: 492, Errors: 39, Time elapsed: 9f9 sec"
"[junit] Tests run: 8, Failures: 8, Errors: 8, Time elapsed: 9h9 sec"
"[junit] Tests run: 99, Failures: 88, Errors: 288, Time elapsed: 88\6 sec"
"[junit] Tests run: 19994, Failures: 2, Errors: 4, Time elapsed: 828 sec"
"[junit] Tests run: 0830, Failures: 1, Errors: 8, Time elapsed: 6\"9 sec"
"[junit] Tests run: 8, Failures: 2984, Errors: 9789, Time elapsed: 979J988 sec"
"[junit] Tests run: 2, Failures: 9, Errors: 18, Time elapsed: 00 sec"
"[junit] Tests run: 25, Failures: 289693202, Errors: 78800, Time elapsed: 9-98 sec"
"[junit] Tests run: 42, Failures: 9, Errors: 569, Time elapsed: 43818$9 sec"
"[junit] Tests run: 8, Failures: 1, Errors: 27, Time elapsed: 8o86 sec"
"[junit] Tests run: 8, Failures: 87, Errors: 212, Time elapsed: 99X0 sec"
"[junit] Tests run: 9, Failures: 3, Errors: 4, Time elapsed: 788 sec"
"[junit] Tests run: 9, Failures: 889, Errors: 8, Time elapsed: 6?540 sec"
"[junit] Tests run: 9, Failures: 118, Errors: 691, Time elapsed: 66]52 sec"
"[junit] Tests run: 90827, Failures: 1, Errors: 6, Time elapsed: 0w09 sec"
"[junit] Tests run: 19, Failures: 7, Errors: 4899, Time elapsed: 2[8 sec"
"[junit] Tests run: 8, Failures: 89, Errors: 88, Time elapsed: 597F7 sec"
"[junit] Tests run: 98, Failures: 6, Errors: 089899, Time elapsed: 1:4 sec"
"[junit] Tests run: 8, Failures: 93469, Errors: 6585, Time elapsed: 9P9 sec"
