"[junit] Tests run: \u1B51, Failures: \u1B58\u17E8, Errors: \uFF12, Time elapsed: \uFF19\uFF18\u49F5\uFF14 sec"
"[junit] Tests run: \uFF19, Failures: \u07C9\u1B50\u0AED\u0A67, Errors: \u17E8, Time elapsed: \uFF11\u17E9\u09EE\uCE6F\uFF10\u1819\uFF19 sec"
"[junit] Tests run: 8, Failures: \u07C0\u1049\u0669\u0D6C\u17E8\uFF19, Errors: \u0668, Time elapsed: \u1041\u1B59\uC47A\u19D5\u1048\uFF12\u07C1 sec"
"[junit] Tests run: \u0668, Failures: \uFF19, Errors: \u1B59\u17E8, Time elapsed: 6\uFF12\u17E0\u1818\u3A6B\u0B67\uFF18 sec"
"[junit] Tests run: \u17E9\uFF17, Failures: \uFF19, Errors: \u17E2, Time elapsed: \u1B59\uFF18\u8A65\u1949 sec"
"[junit] Tests run: \uFF19\u0F222\uFF19\u07C8\uFF14\u1B59\uFF18, Failures: \u19D8, Errors: \u0A6E, Time elapsed: \uFF18\u07C3\uD91E\uFF19 sec"
"[junit] Tests run: \uFF13, Failures: \uFF18, Errors: \uFF18\uFF15, Time elapsed: \uFF14\u0BE6\uFF19\uFF16\u1049\u17E8\u1772\u1049 sec"
"[junit] Tests run: \u1B59, Failures: \uFF12\uFF10, Errors: \uFF18, Time elapsed: \uFF19\uFF18\uFF17\u0D6C\u6544\uFF18\u17E2 sec"
"[junit] Tests run: \uFF17, Failures: \u06F8, Errors: \u0D6F, Time elapsed: \u1818\u5C4B\uFF18 sec"
"[junit] Tests run: \u1B56, Failures: \u1819\u1049\u17E8, Errors: \uFF13\u17E9\uFF17\u1048\uFF12, Time elapsed: \uFF12\uB96B\u0966 sec"
"[junit] Tests run: \u09E6\uFF19, Failures: \u1046\u1049\u1816\u17E4\u17E9, Errors: \uFF18\uFF14, Time elapsed: \uFF10\u072E\uFF18\u1B58\uFF12 sec"
"[junit] Tests run: \u1946, Failures: \uFF18, Errors: \uFF18, Time elapsed: \u1946\u474E\uFF19\uFF13 sec"
"[junit] Tests run: \u1B54, Failures: 8\u17E0\u17E3\u17E8, Errors: \uFF19, Time elapsed: \uFF19\uEE10\uFF12 sec"
"[junit] Tests run: \u17E2\u1045, Failures: \u09E6, Errors: \u18142, Time elapsed: \u09666\uFF17\u29CB\uFF16 sec"
"[junit] Tests run: \uFF12\u06F5, Failures: \u1049\uFF12, Errors: \uFF12\uFF10, Time elapsed: \u0AEA\uFF13\u4972\uFF12 sec"
"[junit] Tests run: \u1041\u096F\uFF10, Failures: \uFF19\uFF19, Errors: \uFF19\u0668\uFF12, Time elapsed: \uFF14\uFF19\uFDC8\u1045 sec"
"[junit] Tests run: \u1810\u1B59\uFF14, Failures: \uFF19, Errors: \u07C9\u1819\uFF14, Time elapsed: \u1B55\u0E59\uFF19\u262D\u17E9 sec"
"[junit] Tests run: \uFF11, Failures: \u1B58\uFF18, Errors: \uFF15\u1040\uFF11, Time elapsed: \u1B58\uFF14\u0C67\u06F7\u94CC\u1946 sec"
"[junit] Tests run: \uFF19\uFF18, Failures: \uFF112, Errors: \u1042\u1B59\uFF16, Time elapsed: \u0D6B\uFF19\uFF18\uBC3E\uFF189 sec"
"[junit] Tests run: \u06F9, Failures: \uFF19, Errors: \u1044, Time elapsed: \u1041\uFF15\uF4D9\u0D67\u07C4 sec"
"[junit] Tests run: \uFF18, Failures: \u1040, Errors: \uFF18, Time elapsed: \uFF19\u4D6F\uFF14\u1B55 sec"
"[junit] Tests run: \u1947, Failures: \u1049\uFF11, Errors: \u0E51, Time elapsed: \uFF18\uBEE3\u1043\u1B51 sec"
"[junit] Tests run: \uFF18, Failures: \uFF19\uFF14\u1B58\u0A67\u1045\uFF11, Errors: \uFF18\u0C67, Time elapsed: \uFF19\u17E0\u226C\u0BE7\uFF19 sec"
"[junit] Tests run: \uFF18\uFF18\u0D66\uFF18, Failures: 9, Errors: \u17E9\uFF10, Time elapsed: \uFF18\u1B59\u95DD\uFF19 sec"
"[junit] Tests run: \u1049\uFF19\u07C0, Failures: \u17E9, Errors: \u1947, Time elapsed: \uFF19\uBCB1\u17E4\u06F8 sec"
"[junit] Tests run: \u1047\u1B56, Failures: \u06F1, Errors: \uFF148, Time elapsed: \u0D67\uEA36\u1044\u1819\uFF18\uFF13\u1041 sec"
"[junit] Tests run: \uFF19\uFF18\u17E6, Failures: 6\uFF16, Errors: \uFF15, Time elapsed: \uFF17\u6562\uFF18 sec"
"[junit] Tests run: \u1048\uFF17\uFF18, Failures: \uFF11\u17E5\u1049\uFF18, Errors: 8\uFF11, Time elapsed: \u0CE7\u0B69\uFF12\u9B15\uFF19\uFF13 sec"
"[junit] Tests run: \uFF18\u1B52, Failures: \uFF10, Errors: \u06F0, Time elapsed: \uFF11\u1049\uFF18\u5ADD\uFF11\u1B58\u17E1 sec"
"[junit] Tests run: \u1947, Failures: \u07C2, Errors: \uFF13, Time elapsed: \uFF17\u9894\u09E7\uFF17\u0CE7 sec"
