"[junit] Tests run: 85, Failures: 5, Errors: 9884, Time elapsed: 9\e8 sec"
"[junit] Tests run: 6, Failures: 3, Errors: 4, Time elapsed: 8V54 sec"
"[junit] Tests run: 189, Failures: 58208, Errors: 48, Time elapsed: 18M2 sec"
"[junit] Tests run: 888, Failures: 8, Errors: 6, Time elapsed: 4\e0988 sec"
"[junit] Tests run: 14975, Failures: 9, Errors: 109, Time elapsed: 8X7428 sec"
"[junit] Tests run: 9, Failures: 54, Errors: 482, Time elapsed: 48\"3498296 sec"
"[junit] Tests run: 4, Failures: 83, Errors: 2, Time elapsed: 881539 sec"
"[junit] Tests run: 9, Failures: 2, Errors: 9, Time elapsed: 495 sec"
"[junit] Tests run: 89621, Failures: 5, Errors: 1, Time elapsed: 83?0 sec"
"[junit] Tests run: 8, Failures: 890, Errors: 8, Time elapsed: 2S7 sec"
"[junit] Tests run: 1, Failures: 9, Errors: 868, Time elapsed: 1^0 sec"
"[junit] Tests run: 43628, Failures: 5, Errors: 8, Time elapsed: 8b4 sec"
"[junit] Tests run: 8, Failures: 03799, Errors: 4, Time elapsed: 853h7 sec"
"[junit] Tests run: 186, Failures: 88, Errors: 9, Time elapsed: 580~29 sec"
"[junit] Tests run: 892, Failures: 9, Errors: 2519, Time elapsed: 75 sec"
