"[junit] Tests run: \uFF18\uFF19\u0661\u1815, Failures: \uFF12\u17E6\uFF13, Errors: 9\uFF17, Time elapsed: \u0CE7\u5144\u06F9 sec"
"[junit] Tests run: \uFF19\u0967, Failures: 8, Errors: 9, Time elapsed: \uFF19\uFD42\uFF13 sec"
"[junit] Tests run: \u0CEA, Failures: \uFF14\uFF15\uFF19\uFF16, Errors: \u0F28, Time elapsed: \uFF18\u0668\u06F0\uFF190\u1B57\u1B57\u1412\u1047\uFF19 sec"
"[junit] Tests run: \uFF19, Failures: \uFF19, Errors: \u1B58, Time elapsed: 3\uFF12\uFF11\uFF10\uD905\uFF14\uFF13 sec"
"[junit] Tests run: \u17E9, Failures: \u1B59, Errors: \uFF19, Time elapsed: \u1048\uD77E\u17E9\uFF18 sec"
"[junit] Tests run: \uFF16, Failures: \uFF13\uFF16\uFF18, Errors: \uFF18, Time elapsed: \u1810\uFF16\uFF18\u1948\u291B\u0C6A sec"
"[junit] Tests run: \u17E8\uFF18\uFF10\uFF19, Failures: \u1B59\uFF14\uFF11\uFF199\uFF12, Errors: 8\uFF126\u17E3, Time elapsed: \u1B57\u1E05\uFF19 sec"
"[junit] Tests run: \u17E8, Failures: \uFF18\u1B58, Errors: \u17E4, Time elapsed: \uFF17\u1818\uFF10\uFF19\u17E1\uCA0A\uFF185\u0D67 sec"
"[junit] Tests run: \uFF18\u1048, Failures: \u1818\u1B54, Errors: \u07C8\uFF19\uFF18, Time elapsed: \u17E8\u17E1\uC84A\uFF15 sec"
"[junit] Tests run: \uFF17, Failures: \u1045, Errors: \u0967, Time elapsed: \u0F22\uFF19\u4BB3\uFF19 sec"
"[junit] Tests run: 1, Failures: \u1040\u17E8\uFF13, Errors: \uFF19\uFF19, Time elapsed: \uFF19\uAC82\u19D4 sec"
"[junit] Tests run: \uFF19, Failures: \uFF14\uFF18, Errors: \uFF18\u1818, Time elapsed: \uFF18\uCC2A\uFF19 sec"
"[junit] Tests run: \uFF14, Failures: 6, Errors: \u0ED2\u1049, Time elapsed: \u0F29\u813F\uFF19\u0CEA\u0D6F sec"
"[junit] Tests run: \uFF19\u1049, Failures: \uFF18\u17E9, Errors: \uFF17, Time elapsed: \uFF11\uFF14\u1449\u0F25 sec"
"[junit] Tests run: \u07C89, Failures: \uFF11, Errors: \u17E9, Time elapsed: \uFF189\u472B\uFF18\u1048\uFF18\u194A sec"
