"[junit] Tests run: 70, Failures: 19, Errors: 8288, Time elapsed: 23 sec"
"[junit] Tests run: 91, Failures: 2, Errors: 9, Time elapsed: 69?00 sec"
"[junit] Tests run: 9, Failures: 8, Errors: 0, Time elapsed: 299949091 sec"
