"[junit] Tests run: 3956, Failures: 078, Errors: 929, Time elapsed: 9\v98 sec"
"[junit] Tests run: 2989, Failures: 930, Errors: 4, Time elapsed: 867 sec"
"[junit] Tests run: 3, Failures: 98, Errors: 6, Time elapsed: 913]84898 sec"
