"[junit] Tests run: 9, Failures: 9, Errors: 919, Time elapsed: 1.885 sec"
"[junit] Tests run: 4, Failures: 0, Errors: 81, Time elapsed: 4@11869 sec"
"[junit] Tests run: 8999, Failures: 9, Errors: 94399, Time elapsed: 903889 sec"
"[junit] Tests run: 8, Failures: 50, Errors: 84, Time elapsed: 88}8 sec"
"[junit] Tests run: 972, Failures: 7, Errors: 996, Time elapsed: 7]8 sec"
"[junit] Tests run: 4, Failures: 8, Errors: 8, Time elapsed: 1Z98 sec"
"[junit] Tests run: 6778, Failures: 2285, Errors: 8, Time elapsed: 94@85 sec"
"[junit] Tests run: 4, Failures: 2, Errors: 930, Time elapsed: 949J6 sec"
"[junit] Tests run: 985, Failures: 8, Errors: 0, Time elapsed: 9879z1 sec"
"[junit] Tests run: 8, Failures: 0, Errors: 9, Time elapsed: 0;9 sec"
"[junit] Tests run: 9, Failures: 6, Errors: 68, Time elapsed: 07B82 sec"
"[junit] Tests run: 0, Failures: 8, Errors: 68, Time elapsed: 9851904 sec"
"[junit] Tests run: 480, Failures: 83, Errors: 3, Time elapsed: 9C4 sec"
"[junit] Tests run: 9, Failures: 7, Errors: 04, Time elapsed: 898J9943 sec"
"[junit] Tests run: 98, Failures: 65, Errors: 8, Time elapsed: 898`88969 sec"
"[junit] Tests run: 9, Failures: 860, Errors: 9, Time elapsed: 5{9 sec"
"[junit] Tests run: 188, Failures: 3, Errors: 69, Time elapsed: 2005195 sec"
"[junit] Tests run: 02846, Failures: 19, Errors: 8089, Time elapsed: 11979446 sec"
"[junit] Tests run: 9, Failures: 82, Errors: 8, Time elapsed: 09A88 sec"
"[junit] Tests run: 66, Failures: 8, Errors: 8, Time elapsed: 9r98 sec"
"[junit] Tests run: 8, Failures: 8, Errors: 49, Time elapsed: 7?94608 sec"
"[junit] Tests run: 8, Failures: 02, Errors: 0, Time elapsed: 859 sec"
"[junit] Tests run: 98, Failures: 992, Errors: 9, Time elapsed: 9902\b9 sec"
"[junit] Tests run: 338, Failures: 8, Errors: 8898, Time elapsed: 259\r993 sec"
"[junit] Tests run: 52, Failures: 8, Errors: 8998, Time elapsed: 4)989 sec"
"[junit] Tests run: 9, Failures: 1, Errors: 8, Time elapsed: 6X8 sec"
"[junit] Tests run: 2, Failures: 5, Errors: 181, Time elapsed: 79;9 sec"
"[junit] Tests run: 6, Failures: 2, Errors: 8, Time elapsed: 959995 sec"
"[junit] Tests run: 89, Failures: 9, Errors: 8863, Time elapsed: 89896,79 sec"
"[junit] Tests run: 24, Failures: 8, Errors: 29, Time elapsed: 619y7978831 sec"
