"[junit] Tests run: \uFF19, Failures: \uFF18, Errors: \uFF13\uFF16\uFF18, Time elapsed: \u0666\u29C18\u17E8\uFF13 sec"
"[junit] Tests run: \uFF19, Failures: \u0663\u0F25, Errors: \uFF18, Time elapsed: \u17E8\u7FEB\u06F6 sec"
"[junit] Tests run: \uFF14, Failures: \uFF19\u1041\u1049, Errors: \u19478, Time elapsed: \uFF18\u17E3\u30DC\u0B67 sec"
"[junit] Tests run: \u1816, Failures: \uFF19, Errors: \u0AE6, Time elapsed: \uFF19\u06F5\uFF19\u0BE9\u0966\u1057\u07C4\uFF12\uFF17 sec"
"[junit] Tests run: 8, Failures: \uFF19, Errors: \uFF19\u06F9, Time elapsed: \uFF14\uC038\u09E7 sec"
"[junit] Tests run: \uFF19\u1B58\u17E8\uFF10\uFF12\uFF18\u1048, Failures: \uFF198, Errors: \uFF15, Time elapsed: \uFF165\u810C\u17E95\uFF17 sec"
"[junit] Tests run: \uFF11, Failures: \u0AE6, Errors: \u1946, Time elapsed: \u1049\u5EA2\u1810 sec"
"[junit] Tests run: \u07C5\uFF12, Failures: \uFF19\u1048, Errors: \uFF19, Time elapsed: \uFF11\uFF18\uF7DB\u10497\u17E4\uFF18 sec"
"[junit] Tests run: \u17E9\uFF18, Failures: \u0D66\uFF19, Errors: \u07C9, Time elapsed: \u17E5\u5A4E\uFF16 sec"
"[junit] Tests run: \u19D9, Failures: \uFF19\u17E9\uFF16\u07C7, Errors: \u19D5, Time elapsed: \uFF19\uD65E\uFF19\u17E9\uFF11 sec"
"[junit] Tests run: \u17E0, Failures: \uFF12\u0CEB\uFF14\uFF18\u06F7, Errors: \uFF19\u0F24, Time elapsed: 9\uE91B\uFF19\uFF11 sec"
"[junit] Tests run: \u0666\uFF18\u0A66\u17E5, Failures: \u1042, Errors: \uFF19\u10409, Time elapsed: 2\uB7719\u19D9 sec"
"[junit] Tests run: \u1816, Failures: \u17E4, Errors: \uFF19\uFF10\u1810\uFF19\uFF13, Time elapsed: \u0D679\u1CB9\u0966\u17E5\u17E9\u1049\uFF16 sec"
"[junit] Tests run: \uFF12, Failures: \u07C8, Errors: \u0F29\u09EF, Time elapsed: \uFF18\uDC10\u17E6 sec"
"[junit] Tests run: \u0BEF\u07C8\uFF14\uFF18\uFF14, Failures: \u0660, Errors: \u1812, Time elapsed: \uFF18\u89B9\u1B52\u17E6\u1048\u0F28 sec"
"[junit] Tests run: \u0F27, Failures: \u17E8\u1819, Errors: \uFF19\uFF19\u0CED, Time elapsed: \u1043\uB444\uFF19\u06F7 sec"
"[junit] Tests run: \uFF14, Failures: \uFF19\uFF11\u1B55, Errors: \uFF15\u0CE7, Time elapsed: \uFF15\u07C5\uFF17\uFF19\u0D66\uDE42\u0BEE\uFF11\u1819 sec"
"[junit] Tests run: \u1048\u1047\uFF12, Failures: \uFF13\u0F23\uFF16\uFF12, Errors: \uFF18, Time elapsed: \uFF13\u09EE\uCFD4\u096F\u07C9 sec"
"[junit] Tests run: \uFF17\uFF14, Failures: \uFF16, Errors: \uFF16\uFF18, Time elapsed: \uFF19\uF110\uFF19\uFF18\uFF13 sec"
"[junit] Tests run: \uFF12\u09ED\uFF19, Failures: \uFF19\uFF15, Errors: \uFF197, Time elapsed: \u0B68\u25C0\uFF14 sec"
"[junit] Tests run: \u10489, Failures: \u17E3, Errors: \u07C8, Time elapsed: \uFF16\u07C9\uEF81\u17E4 sec"
"[junit] Tests run: \uFF18, Failures: \u17E8, Errors: \u0C67\u1B592\uFF19\u09ED, Time elapsed: \u0ED4\uD904\u09E6 sec"
"[junit] Tests run: \uFF17\uFF12\u0F26, Failures: \u1B54, Errors: \uFF139, Time elapsed: \u0E54\u0BD4\uFF13 sec"
"[junit] Tests run: 9, Failures: \u07C2\uFF19, Errors: \uFF11, Time elapsed: \u18100\uFF13\u17E8\u216B\u17E9\uFF19\uFF18 sec"
"[junit] Tests run: \u1B578\u1040\uFF12, Failures: \u0D69\u0A66\uFF18\uFF18, Errors: \u0668, Time elapsed: \u0E59\uA293\u0D67\u07C9 sec"
"[junit] Tests run: \uFF14\u0CE7, Failures: \uFF199, Errors: \u0BED, Time elapsed: \u0B66\u47EF\u1040\u10499 sec"
"[junit] Tests run: \uFF18, Failures: \u17E8, Errors: \uFF19, Time elapsed: \uFF15\uD6DA\u1947\uFF15 sec"
"[junit] Tests run: \uFF18, Failures: \uFF18, Errors: 7\u0D6C, Time elapsed: \uFF19\uB52E\u0668 sec"
"[junit] Tests run: \u1047\uFF18\uFF19, Failures: \uFF16, Errors: \u1818\u09EF\u17E8, Time elapsed: \uFF19\uBF85\u1B52 sec"
"[junit] Tests run: \uFF13\u09E9\uFF17, Failures: \uFF19\u07C8, Errors: \uFF19\uFF18, Time elapsed: \uFF11\u2D6B\uFF11 sec"
