"[junit] Tests run: 9, Failures: 9, Errors: 698, Time elapsed: 8884985708 sec"
"[junit] Tests run: 1, Failures: 8, Errors: 33, Time elapsed: 981 sec"
"[junit] Tests run: 92, Failures: 01, Errors: 879, Time elapsed: 89$898818 sec"
"[junit] Tests run: 7, Failures: 888, Errors: 7, Time elapsed: 38989<4 sec"
"[junit] Tests run: 6, Failures: 5, Errors: 481, Time elapsed: 1D2 sec"
"[junit] Tests run: 80, Failures: 7, Errors: 9, Time elapsed: 87t9 sec"
"[junit] Tests run: 589, Failures: 9, Errors: 9428928, Time elapsed: 0M4 sec"
"[junit] Tests run: 905, Failures: 919, Errors: 7, Time elapsed: 7674\55 sec"
"[junit] Tests run: 48989, Failures: 260, Errors: 842, Time elapsed: 088r8 sec"
"[junit] Tests run: 18, Failures: 99, Errors: 309, Time elapsed: 8s9 sec"
"[junit] Tests run: 82987, Failures: 7, Errors: 838, Time elapsed: 75M9 sec"
"[junit] Tests run: 69, Failures: 8, Errors: 9, Time elapsed: 8h2 sec"
"[junit] Tests run: 99, Failures: 98, Errors: 5, Time elapsed: 5i1 sec"
"[junit] Tests run: 7, Failures: 87, Errors: 1, Time elapsed: 4\e9 sec"
"[junit] Tests run: 3, Failures: 9180, Errors: 86, Time elapsed: 5H03 sec"
"[junit] Tests run: 599, Failures: 96, Errors: 5, Time elapsed: 6:78 sec"
"[junit] Tests run: 1, Failures: 7349298, Errors: 75, Time elapsed: 8K298 sec"
"[junit] Tests run: 988, Failures: 1, Errors: 8, Time elapsed: 9235 sec"
"[junit] Tests run: 6, Failures: 2519, Errors: 2, Time elapsed: 7q0949318 sec"
"[junit] Tests run: 899, Failures: 59283, Errors: 2, Time elapsed: 8l8 sec"
"[junit] Tests run: 1, Failures: 3, Errors: 1, Time elapsed: 83 sec"
"[junit] Tests run: 679, Failures: 49, Errors: 5, Time elapsed: 35j9 sec"
"[junit] Tests run: 99, Failures: 7, Errors: 5, Time elapsed: 9d2 sec"
"[junit] Tests run: 8, Failures: 4, Errors: 898, Time elapsed: 7|668929 sec"
"[junit] Tests run: 1, Failures: 8, Errors: 9, Time elapsed: 48=4899 sec"
"[junit] Tests run: 3, Failures: 83, Errors: 80, Time elapsed: 8829^1 sec"
"[junit] Tests run: 1, Failures: 18, Errors: 98688, Time elapsed: 063n20 sec"
"[junit] Tests run: 9, Failures: 8, Errors: 8, Time elapsed: 79@8 sec"
"[junit] Tests run: 6, Failures: 8, Errors: 800, Time elapsed: 1729n8 sec"
"[junit] Tests run: 9428888, Failures: 45, Errors: 3, Time elapsed: 1%7361 sec"
