"[junit] Tests run: 45, Failures: 218898, Errors: 8, Time elapsed: 81L999 sec"
"[junit] Tests run: 9, Failures: 6, Errors: 99, Time elapsed: 0078997 sec"
"[junit] Tests run: 6, Failures: 9, Errors: 99, Time elapsed: 9~45195 sec"
