"[junit] Tests run: \u1042, Failures: \uFF12\u06F2\uFF18, Errors: \u19D9\uFF11, Time elapsed: \u0C6D\uF9FE\uFF10\u1B59 sec"
"[junit] Tests run: \uFF19, Failures: \u1819\u0966\u07C6, Errors: \u0F28\uFF19, Time elapsed: \u1946\uFF13\uFF11\uFF17\u19D8\u17E3 sec"
"[junit] Tests run: \u1818, Failures: \uFF10\u17E5\uFF18, Errors: 8\uFF18\u17E8, Time elapsed: \u194B\u17E9\u1B58\u4484\u0BE7 sec"
